$ ./convert_ti_ble_sdk_2_02_01_18_to_linux.sh ~/ti/ erase_it_all_and_copy_from_wine
Changing SRC_COMMON\/hal\/src\/target\/_common\/board.h to SRC_EX\/target\/Board.h in all ble_sdk source files
Changing \"board\.h to \"Board.h in all ble_sdk source files
Changing \/board\.h to \/Board.h in all ble_sdk source files
Changing <board\.h to <Board.h in all ble_sdk source files
Changing DisplayUART\.h to DisplayUart.h in all ble_sdk source files
Changing DisplayUART\.c to DisplayUart.c in all ble_sdk source files
Changing hal_UART\.h to hal_uart.h in all ble_sdk source files
Changing ICall\.h to icall.h in all ble_sdk source files
Changing OSAL\.h to osal.h in all ble_sdk source files
Changing OSAL_Tasks\.h to osal_tasks.h in all ble_sdk source files
Changing OSAL_Memory\.h to osal_memory.h in all ble_sdk source files
Changing OSAL_Timers\.h to osal_timers.h in all ble_sdk source files
Changing ti\/drivers\/rf\/rf.h to ti\/drivers\/rf\/RF.h in all ble_sdk source files
Changing sensorTag\.h to sensortag.h in all ble_sdk source files
Changing sensortag_Display\.h to sensortag_display.h in all ble_sdk source files
Changing npi_tl_SPI\.c to npi_tl_spi.c in all ble_sdk source files
Changing npi_tl_SPI\.h to npi_tl_spi.h in all ble_sdk source files
Changing npi_tl_UART\.c to npi_tl_uart.c in all ble_sdk source files
Changing npi_tl_UART\.h to npi_tl_uart.h in all ble_sdk source files
Changing bsp_SPI\.c to bsp_spi.c in all ble_sdk source files
Changing bsp_SPI\.h to bsp_spi.h in all ble_sdk source files
Changing driverLib\/timer.h to driverlib\/timer.h in all ble_sdk source files
Changing driverLib\/timer.h to driverlib\/timer.h in all tirtos source files
Changing file:\/C:\/ti to $\{PARENT-7-ORG_PROJ_DIR\} in all ble_sdk source files
Changing PARENT-5-PROJECT_LOC\/src\/examples\/sensortag to SRC_EX\/examples\/sensortag in all ble_sdk source files
sed: no input files
Changing PARENT-5-PROJECT_LOC\/src\/profiles\/sensor_profile to SRC_EX\/profiles\/sensor_profile in all ble_sdk source files
sed: no input files
Changing PARENT-1-PROJECT_LOC\/config\/ to PARENT-2-ORG_PROJ_DIR\/ccs\/config\/ in all ble_sdk source files
sed: no input files
Changing \rom\enc_lib\cc26xx_ecc_rom_api.a to \/rom\/enc_lib\/cc26xx_ecc_rom_api.a in all ble_sdk source files
sed: no input files
Changing &quot;\${TOOLS_BLE}\/lib_search\/lib_search.exe to python \&quot;\${TOOLS_BLE}\/lib_search\/src\/lib_search.py in all ble_sdk source files
Changing \${TOOLS_BLE}\/frontier\/frontier.exe to python \${TOOLS_BLE}\/frontier\/src\/frontier.py in all ble_sdk source files

